The system is: Darwin - 11.2.0 - i386
Compiling the C compiler identification source file "CMakeCCompilerId.c" succeeded.
Compiler: /usr/local/bin/gcc 
Build flags: 
Id flags: 

The output was:
0


Compilation of the C compiler identification source "CMakeCCompilerId.c" produced "a.out"

The C compiler identification is GNU, found in "/Users/alelos/Desktop/SciVis-Project/Examples/extractData/CMakeFiles/CompilerIdC/a.out"

Compiling the CXX compiler identification source file "CMakeCXXCompilerId.cpp" succeeded.
Compiler: /usr/local/bin/c++ 
Build flags: 
Id flags: 

The output was:
0


Compilation of the CXX compiler identification source "CMakeCXXCompilerId.cpp" produced "a.out"

The CXX compiler identification is GNU, found in "/Users/alelos/Desktop/SciVis-Project/Examples/extractData/CMakeFiles/CompilerIdCXX/a.out"

Determining if the C compiler works passed with the following output:
Change Dir: /Users/alelos/Desktop/SciVis-Project/Examples/extractData/CMakeFiles/CMakeTmp

Run Build Command:/usr/bin/make "cmTryCompileExec/fast"
/usr/bin/make -f CMakeFiles/cmTryCompileExec.dir/build.make CMakeFiles/cmTryCompileExec.dir/build
"/Applications/CMake 2.8-4.app/Contents/bin/cmake" -E cmake_progress_report /Users/alelos/Desktop/SciVis-Project/Examples/extractData/CMakeFiles/CMakeTmp/CMakeFiles 1
Building C object CMakeFiles/cmTryCompileExec.dir/testCCompiler.c.o
/usr/local/bin/gcc    -o CMakeFiles/cmTryCompileExec.dir/testCCompiler.c.o   -c /Users/alelos/Desktop/SciVis-Project/Examples/extractData/CMakeFiles/CMakeTmp/testCCompiler.c
Linking C executable cmTryCompileExec
"/Applications/CMake 2.8-4.app/Contents/bin/cmake" -E cmake_link_script CMakeFiles/cmTryCompileExec.dir/link.txt --verbose=1
/usr/local/bin/gcc      -Wl,-search_paths_first -Wl,-headerpad_max_install_names  CMakeFiles/cmTryCompileExec.dir/testCCompiler.c.o  -o cmTryCompileExec  


Detecting C compiler ABI info compiled with the following output:
Change Dir: /Users/alelos/Desktop/SciVis-Project/Examples/extractData/CMakeFiles/CMakeTmp

Run Build Command:/usr/bin/make "cmTryCompileExec/fast"
/usr/bin/make -f CMakeFiles/cmTryCompileExec.dir/build.make CMakeFiles/cmTryCompileExec.dir/build
"/Applications/CMake 2.8-4.app/Contents/bin/cmake" -E cmake_progress_report /Users/alelos/Desktop/SciVis-Project/Examples/extractData/CMakeFiles/CMakeTmp/CMakeFiles 1
Building C object CMakeFiles/cmTryCompileExec.dir/CMakeCCompilerABI.c.o
/usr/local/bin/gcc    -o CMakeFiles/cmTryCompileExec.dir/CMakeCCompilerABI.c.o   -c "/Applications/CMake 2.8-4.app/Contents/share/cmake-2.8/Modules/CMakeCCompilerABI.c"
Linking C executable cmTryCompileExec
"/Applications/CMake 2.8-4.app/Contents/bin/cmake" -E cmake_link_script CMakeFiles/cmTryCompileExec.dir/link.txt --verbose=1
/usr/local/bin/gcc      -Wl,-search_paths_first -Wl,-headerpad_max_install_names -v CMakeFiles/cmTryCompileExec.dir/CMakeCCompilerABI.c.o  -o cmTryCompileExec   
Using built-in specs.
COLLECT_GCC=/usr/local/bin/gcc
COLLECT_LTO_WRAPPER=/usr/local/libexec/gcc/x86_64-apple-darwin10.7.0/4.6.0/lto-wrapper
Target: x86_64-apple-darwin10.7.0
Configured with: ../configure
Thread model: posix
gcc version 4.6.0 (GCC) 
COMPILER_PATH=/usr/local/libexec/gcc/x86_64-apple-darwin10.7.0/4.6.0/:/usr/local/libexec/gcc/x86_64-apple-darwin10.7.0/4.6.0/:/usr/local/libexec/gcc/x86_64-apple-darwin10.7.0/:/usr/local/lib/gcc/x86_64-apple-darwin10.7.0/4.6.0/:/usr/local/lib/gcc/x86_64-apple-darwin10.7.0/
LIBRARY_PATH=/usr/local/qwt-6.0.0/lib/:/usr/local/lib/gcc/x86_64-apple-darwin10.7.0/4.6.0/:/usr/local/lib/gcc/x86_64-apple-darwin10.7.0/4.6.0/../../../:/usr/lib/
COLLECT_GCC_OPTIONS='-mmacosx-version-min=10.7.2' '-v' '-o' 'cmTryCompileExec' '-mtune=core2'
 /usr/local/libexec/gcc/x86_64-apple-darwin10.7.0/4.6.0/collect2 -dynamic -arch x86_64 -macosx_version_min 10.7.2 -weak_reference_mismatches non-weak -o cmTryCompileExec -lcrt1.10.5.o -L/usr/local/qwt-6.0.0/lib -L/usr/local/lib/gcc/x86_64-apple-darwin10.7.0/4.6.0 -L/usr/local/lib/gcc/x86_64-apple-darwin10.7.0/4.6.0/../../.. -search_paths_first -headerpad_max_install_names CMakeFiles/cmTryCompileExec.dir/CMakeCCompilerABI.c.o -no_compact_unwind -lSystem -lgcc_ext.10.5 -lgcc -lSystem -v
collect2 version 4.6.0 (x86_64 Darwin)
/usr/bin/ld -dynamic -arch x86_64 -macosx_version_min 10.7.2 -weak_reference_mismatches non-weak -o cmTryCompileExec -lcrt1.10.5.o -L/usr/local/qwt-6.0.0/lib -L/usr/local/lib/gcc/x86_64-apple-darwin10.7.0/4.6.0 -L/usr/local/lib/gcc/x86_64-apple-darwin10.7.0/4.6.0/../../.. -search_paths_first -headerpad_max_install_names CMakeFiles/cmTryCompileExec.dir/CMakeCCompilerABI.c.o -no_compact_unwind -lSystem -lgcc_ext.10.5 -lgcc -lSystem -v
@(#)PROGRAM:ld  PROJECT:ld64-123.2.1
Library search paths:
	/usr/local/qwt-6.0.0/lib
	/usr/local/lib/gcc/x86_64-apple-darwin10.7.0/4.6.0
	/usr/local/lib
	/usr/lib
	/usr/local/lib
Framework search paths:
	/Library/Frameworks/
	/System/Library/Frameworks/


Parsed C implicit link information from above output:
  link line regex: [^( *|.*[/\])(ld|ld|collect2)[^/\]*( |$)]
  ignore line: [Change Dir: /Users/alelos/Desktop/SciVis-Project/Examples/extractData/CMakeFiles/CMakeTmp]
  ignore line: []
  ignore line: [Run Build Command:/usr/bin/make "cmTryCompileExec/fast"]
  ignore line: [/usr/bin/make -f CMakeFiles/cmTryCompileExec.dir/build.make CMakeFiles/cmTryCompileExec.dir/build]
  ignore line: ["/Applications/CMake 2.8-4.app/Contents/bin/cmake" -E cmake_progress_report /Users/alelos/Desktop/SciVis-Project/Examples/extractData/CMakeFiles/CMakeTmp/CMakeFiles 1]
  ignore line: [Building C object CMakeFiles/cmTryCompileExec.dir/CMakeCCompilerABI.c.o]
  ignore line: [/usr/local/bin/gcc    -o CMakeFiles/cmTryCompileExec.dir/CMakeCCompilerABI.c.o   -c "/Applications/CMake 2.8-4.app/Contents/share/cmake-2.8/Modules/CMakeCCompilerABI.c"]
  ignore line: [Linking C executable cmTryCompileExec]
  ignore line: ["/Applications/CMake 2.8-4.app/Contents/bin/cmake" -E cmake_link_script CMakeFiles/cmTryCompileExec.dir/link.txt --verbose=1]
  ignore line: [/usr/local/bin/gcc      -Wl,-search_paths_first -Wl,-headerpad_max_install_names -v CMakeFiles/cmTryCompileExec.dir/CMakeCCompilerABI.c.o  -o cmTryCompileExec   ]
  ignore line: [Using built-in specs.]
  ignore line: [COLLECT_GCC=/usr/local/bin/gcc]
  ignore line: [COLLECT_LTO_WRAPPER=/usr/local/libexec/gcc/x86_64-apple-darwin10.7.0/4.6.0/lto-wrapper]
  ignore line: [Target: x86_64-apple-darwin10.7.0]
  ignore line: [Configured with: ../configure]
  ignore line: [Thread model: posix]
  ignore line: [gcc version 4.6.0 (GCC) ]
  ignore line: [COMPILER_PATH=/usr/local/libexec/gcc/x86_64-apple-darwin10.7.0/4.6.0/:/usr/local/libexec/gcc/x86_64-apple-darwin10.7.0/4.6.0/:/usr/local/libexec/gcc/x86_64-apple-darwin10.7.0/:/usr/local/lib/gcc/x86_64-apple-darwin10.7.0/4.6.0/:/usr/local/lib/gcc/x86_64-apple-darwin10.7.0/]
  ignore line: [LIBRARY_PATH=/usr/local/qwt-6.0.0/lib/:/usr/local/lib/gcc/x86_64-apple-darwin10.7.0/4.6.0/:/usr/local/lib/gcc/x86_64-apple-darwin10.7.0/4.6.0/../../../:/usr/lib/]
  ignore line: [COLLECT_GCC_OPTIONS='-mmacosx-version-min=10.7.2' '-v' '-o' 'cmTryCompileExec' '-mtune=core2']
  link line: [ /usr/local/libexec/gcc/x86_64-apple-darwin10.7.0/4.6.0/collect2 -dynamic -arch x86_64 -macosx_version_min 10.7.2 -weak_reference_mismatches non-weak -o cmTryCompileExec -lcrt1.10.5.o -L/usr/local/qwt-6.0.0/lib -L/usr/local/lib/gcc/x86_64-apple-darwin10.7.0/4.6.0 -L/usr/local/lib/gcc/x86_64-apple-darwin10.7.0/4.6.0/../../.. -search_paths_first -headerpad_max_install_names CMakeFiles/cmTryCompileExec.dir/CMakeCCompilerABI.c.o -no_compact_unwind -lSystem -lgcc_ext.10.5 -lgcc -lSystem -v]
    arg [/usr/local/libexec/gcc/x86_64-apple-darwin10.7.0/4.6.0/collect2] ==> ignore
    arg [-dynamic] ==> ignore
    arg [-arch] ==> ignore
    arg [x86_64] ==> ignore
    arg [-macosx_version_min] ==> ignore
    arg [10.7.2] ==> ignore
    arg [-weak_reference_mismatches] ==> ignore
    arg [non-weak] ==> ignore
    arg [-o] ==> ignore
    arg [cmTryCompileExec] ==> ignore
    arg [-lcrt1.10.5.o] ==> lib [crt1.10.5.o]
    arg [-L/usr/local/qwt-6.0.0/lib] ==> dir [/usr/local/qwt-6.0.0/lib]
    arg [-L/usr/local/lib/gcc/x86_64-apple-darwin10.7.0/4.6.0] ==> dir [/usr/local/lib/gcc/x86_64-apple-darwin10.7.0/4.6.0]
    arg [-L/usr/local/lib/gcc/x86_64-apple-darwin10.7.0/4.6.0/../../..] ==> dir [/usr/local/lib/gcc/x86_64-apple-darwin10.7.0/4.6.0/../../..]
    arg [-search_paths_first] ==> ignore
    arg [-headerpad_max_install_names] ==> ignore
    arg [CMakeFiles/cmTryCompileExec.dir/CMakeCCompilerABI.c.o] ==> ignore
    arg [-no_compact_unwind] ==> ignore
    arg [-lSystem] ==> lib [System]
    arg [-lgcc_ext.10.5] ==> lib [gcc_ext.10.5]
    arg [-lgcc] ==> lib [gcc]
    arg [-lSystem] ==> lib [System]
    arg [-v] ==> ignore
  remove lib [crt1.10.5.o]
  remove lib [System]
  remove lib [gcc_ext.10.5]
  remove lib [gcc]
  remove lib [System]
  collapse dir [/usr/local/qwt-6.0.0/lib] ==> [/usr/local/qwt-6.0.0/lib]
  collapse dir [/usr/local/lib/gcc/x86_64-apple-darwin10.7.0/4.6.0] ==> [/usr/local/lib/gcc/x86_64-apple-darwin10.7.0/4.6.0]
  collapse dir [/usr/local/lib/gcc/x86_64-apple-darwin10.7.0/4.6.0/../../..] ==> [/usr/local/lib]
  implicit libs: []
  implicit dirs: [/usr/local/qwt-6.0.0/lib;/usr/local/lib/gcc/x86_64-apple-darwin10.7.0/4.6.0;/usr/local/lib]


Determining if the CXX compiler works passed with the following output:
Change Dir: /Users/alelos/Desktop/SciVis-Project/Examples/extractData/CMakeFiles/CMakeTmp

Run Build Command:/usr/bin/make "cmTryCompileExec/fast"
/usr/bin/make -f CMakeFiles/cmTryCompileExec.dir/build.make CMakeFiles/cmTryCompileExec.dir/build
"/Applications/CMake 2.8-4.app/Contents/bin/cmake" -E cmake_progress_report /Users/alelos/Desktop/SciVis-Project/Examples/extractData/CMakeFiles/CMakeTmp/CMakeFiles 1
Building CXX object CMakeFiles/cmTryCompileExec.dir/testCXXCompiler.cxx.o
/usr/local/bin/c++     -o CMakeFiles/cmTryCompileExec.dir/testCXXCompiler.cxx.o -c /Users/alelos/Desktop/SciVis-Project/Examples/extractData/CMakeFiles/CMakeTmp/testCXXCompiler.cxx
Linking CXX executable cmTryCompileExec
"/Applications/CMake 2.8-4.app/Contents/bin/cmake" -E cmake_link_script CMakeFiles/cmTryCompileExec.dir/link.txt --verbose=1
/usr/local/bin/c++       -Wl,-search_paths_first -Wl,-headerpad_max_install_names  CMakeFiles/cmTryCompileExec.dir/testCXXCompiler.cxx.o  -o cmTryCompileExec  


Detecting CXX compiler ABI info compiled with the following output:
Change Dir: /Users/alelos/Desktop/SciVis-Project/Examples/extractData/CMakeFiles/CMakeTmp

Run Build Command:/usr/bin/make "cmTryCompileExec/fast"
/usr/bin/make -f CMakeFiles/cmTryCompileExec.dir/build.make CMakeFiles/cmTryCompileExec.dir/build
"/Applications/CMake 2.8-4.app/Contents/bin/cmake" -E cmake_progress_report /Users/alelos/Desktop/SciVis-Project/Examples/extractData/CMakeFiles/CMakeTmp/CMakeFiles 1
Building CXX object CMakeFiles/cmTryCompileExec.dir/CMakeCXXCompilerABI.cpp.o
/usr/local/bin/c++     -o CMakeFiles/cmTryCompileExec.dir/CMakeCXXCompilerABI.cpp.o -c "/Applications/CMake 2.8-4.app/Contents/share/cmake-2.8/Modules/CMakeCXXCompilerABI.cpp"
Linking CXX executable cmTryCompileExec
"/Applications/CMake 2.8-4.app/Contents/bin/cmake" -E cmake_link_script CMakeFiles/cmTryCompileExec.dir/link.txt --verbose=1
/usr/local/bin/c++       -Wl,-search_paths_first -Wl,-headerpad_max_install_names -v CMakeFiles/cmTryCompileExec.dir/CMakeCXXCompilerABI.cpp.o  -o cmTryCompileExec   
Using built-in specs.
COLLECT_GCC=/usr/local/bin/c++
COLLECT_LTO_WRAPPER=/usr/local/libexec/gcc/x86_64-apple-darwin10.7.0/4.6.0/lto-wrapper
Target: x86_64-apple-darwin10.7.0
Configured with: ../configure
Thread model: posix
gcc version 4.6.0 (GCC) 
COMPILER_PATH=/usr/local/libexec/gcc/x86_64-apple-darwin10.7.0/4.6.0/:/usr/local/libexec/gcc/x86_64-apple-darwin10.7.0/4.6.0/:/usr/local/libexec/gcc/x86_64-apple-darwin10.7.0/:/usr/local/lib/gcc/x86_64-apple-darwin10.7.0/4.6.0/:/usr/local/lib/gcc/x86_64-apple-darwin10.7.0/
LIBRARY_PATH=/usr/local/qwt-6.0.0/lib/:/usr/local/lib/gcc/x86_64-apple-darwin10.7.0/4.6.0/:/usr/local/lib/gcc/x86_64-apple-darwin10.7.0/4.6.0/../../../:/usr/lib/
COLLECT_GCC_OPTIONS='-mmacosx-version-min=10.7.2' '-v' '-o' 'cmTryCompileExec' '-shared-libgcc' '-mtune=core2'
 /usr/local/libexec/gcc/x86_64-apple-darwin10.7.0/4.6.0/collect2 -dynamic -arch x86_64 -macosx_version_min 10.7.2 -weak_reference_mismatches non-weak -o cmTryCompileExec -lcrt1.10.5.o -L/usr/local/qwt-6.0.0/lib -L/usr/local/lib/gcc/x86_64-apple-darwin10.7.0/4.6.0 -L/usr/local/lib/gcc/x86_64-apple-darwin10.7.0/4.6.0/../../.. -search_paths_first -headerpad_max_install_names CMakeFiles/cmTryCompileExec.dir/CMakeCXXCompilerABI.cpp.o -lstdc++ -no_compact_unwind -lSystem -lgcc_ext.10.5 -lgcc -lSystem -v
collect2 version 4.6.0 (x86_64 Darwin)
/usr/bin/ld -dynamic -arch x86_64 -macosx_version_min 10.7.2 -weak_reference_mismatches non-weak -o cmTryCompileExec -lcrt1.10.5.o -L/usr/local/qwt-6.0.0/lib -L/usr/local/lib/gcc/x86_64-apple-darwin10.7.0/4.6.0 -L/usr/local/lib/gcc/x86_64-apple-darwin10.7.0/4.6.0/../../.. -search_paths_first -headerpad_max_install_names CMakeFiles/cmTryCompileExec.dir/CMakeCXXCompilerABI.cpp.o -lstdc++ -no_compact_unwind -lSystem -lgcc_ext.10.5 -lgcc -lSystem -v
@(#)PROGRAM:ld  PROJECT:ld64-123.2.1
Library search paths:
	/usr/local/qwt-6.0.0/lib
	/usr/local/lib/gcc/x86_64-apple-darwin10.7.0/4.6.0
	/usr/local/lib
	/usr/lib
	/usr/local/lib
Framework search paths:
	/Library/Frameworks/
	/System/Library/Frameworks/


Parsed CXX implicit link information from above output:
  link line regex: [^( *|.*[/\])(ld|ld|collect2)[^/\]*( |$)]
  ignore line: [Change Dir: /Users/alelos/Desktop/SciVis-Project/Examples/extractData/CMakeFiles/CMakeTmp]
  ignore line: []
  ignore line: [Run Build Command:/usr/bin/make "cmTryCompileExec/fast"]
  ignore line: [/usr/bin/make -f CMakeFiles/cmTryCompileExec.dir/build.make CMakeFiles/cmTryCompileExec.dir/build]
  ignore line: ["/Applications/CMake 2.8-4.app/Contents/bin/cmake" -E cmake_progress_report /Users/alelos/Desktop/SciVis-Project/Examples/extractData/CMakeFiles/CMakeTmp/CMakeFiles 1]
  ignore line: [Building CXX object CMakeFiles/cmTryCompileExec.dir/CMakeCXXCompilerABI.cpp.o]
  ignore line: [/usr/local/bin/c++     -o CMakeFiles/cmTryCompileExec.dir/CMakeCXXCompilerABI.cpp.o -c "/Applications/CMake 2.8-4.app/Contents/share/cmake-2.8/Modules/CMakeCXXCompilerABI.cpp"]
  ignore line: [Linking CXX executable cmTryCompileExec]
  ignore line: ["/Applications/CMake 2.8-4.app/Contents/bin/cmake" -E cmake_link_script CMakeFiles/cmTryCompileExec.dir/link.txt --verbose=1]
  ignore line: [/usr/local/bin/c++       -Wl,-search_paths_first -Wl,-headerpad_max_install_names -v CMakeFiles/cmTryCompileExec.dir/CMakeCXXCompilerABI.cpp.o  -o cmTryCompileExec   ]
  ignore line: [Using built-in specs.]
  ignore line: [COLLECT_GCC=/usr/local/bin/c++]
  ignore line: [COLLECT_LTO_WRAPPER=/usr/local/libexec/gcc/x86_64-apple-darwin10.7.0/4.6.0/lto-wrapper]
  ignore line: [Target: x86_64-apple-darwin10.7.0]
  ignore line: [Configured with: ../configure]
  ignore line: [Thread model: posix]
  ignore line: [gcc version 4.6.0 (GCC) ]
  ignore line: [COMPILER_PATH=/usr/local/libexec/gcc/x86_64-apple-darwin10.7.0/4.6.0/:/usr/local/libexec/gcc/x86_64-apple-darwin10.7.0/4.6.0/:/usr/local/libexec/gcc/x86_64-apple-darwin10.7.0/:/usr/local/lib/gcc/x86_64-apple-darwin10.7.0/4.6.0/:/usr/local/lib/gcc/x86_64-apple-darwin10.7.0/]
  ignore line: [LIBRARY_PATH=/usr/local/qwt-6.0.0/lib/:/usr/local/lib/gcc/x86_64-apple-darwin10.7.0/4.6.0/:/usr/local/lib/gcc/x86_64-apple-darwin10.7.0/4.6.0/../../../:/usr/lib/]
  ignore line: [COLLECT_GCC_OPTIONS='-mmacosx-version-min=10.7.2' '-v' '-o' 'cmTryCompileExec' '-shared-libgcc' '-mtune=core2']
  link line: [ /usr/local/libexec/gcc/x86_64-apple-darwin10.7.0/4.6.0/collect2 -dynamic -arch x86_64 -macosx_version_min 10.7.2 -weak_reference_mismatches non-weak -o cmTryCompileExec -lcrt1.10.5.o -L/usr/local/qwt-6.0.0/lib -L/usr/local/lib/gcc/x86_64-apple-darwin10.7.0/4.6.0 -L/usr/local/lib/gcc/x86_64-apple-darwin10.7.0/4.6.0/../../.. -search_paths_first -headerpad_max_install_names CMakeFiles/cmTryCompileExec.dir/CMakeCXXCompilerABI.cpp.o -lstdc++ -no_compact_unwind -lSystem -lgcc_ext.10.5 -lgcc -lSystem -v]
    arg [/usr/local/libexec/gcc/x86_64-apple-darwin10.7.0/4.6.0/collect2] ==> ignore
    arg [-dynamic] ==> ignore
    arg [-arch] ==> ignore
    arg [x86_64] ==> ignore
    arg [-macosx_version_min] ==> ignore
    arg [10.7.2] ==> ignore
    arg [-weak_reference_mismatches] ==> ignore
    arg [non-weak] ==> ignore
    arg [-o] ==> ignore
    arg [cmTryCompileExec] ==> ignore
    arg [-lcrt1.10.5.o] ==> lib [crt1.10.5.o]
    arg [-L/usr/local/qwt-6.0.0/lib] ==> dir [/usr/local/qwt-6.0.0/lib]
    arg [-L/usr/local/lib/gcc/x86_64-apple-darwin10.7.0/4.6.0] ==> dir [/usr/local/lib/gcc/x86_64-apple-darwin10.7.0/4.6.0]
    arg [-L/usr/local/lib/gcc/x86_64-apple-darwin10.7.0/4.6.0/../../..] ==> dir [/usr/local/lib/gcc/x86_64-apple-darwin10.7.0/4.6.0/../../..]
    arg [-search_paths_first] ==> ignore
    arg [-headerpad_max_install_names] ==> ignore
    arg [CMakeFiles/cmTryCompileExec.dir/CMakeCXXCompilerABI.cpp.o] ==> ignore
    arg [-lstdc++] ==> lib [stdc++]
    arg [-no_compact_unwind] ==> ignore
    arg [-lSystem] ==> lib [System]
    arg [-lgcc_ext.10.5] ==> lib [gcc_ext.10.5]
    arg [-lgcc] ==> lib [gcc]
    arg [-lSystem] ==> lib [System]
    arg [-v] ==> ignore
  remove lib [crt1.10.5.o]
  remove lib [System]
  remove lib [gcc_ext.10.5]
  remove lib [gcc]
  remove lib [System]
  collapse dir [/usr/local/qwt-6.0.0/lib] ==> [/usr/local/qwt-6.0.0/lib]
  collapse dir [/usr/local/lib/gcc/x86_64-apple-darwin10.7.0/4.6.0] ==> [/usr/local/lib/gcc/x86_64-apple-darwin10.7.0/4.6.0]
  collapse dir [/usr/local/lib/gcc/x86_64-apple-darwin10.7.0/4.6.0/../../..] ==> [/usr/local/lib]
  implicit libs: [stdc++]
  implicit dirs: [/usr/local/qwt-6.0.0/lib;/usr/local/lib/gcc/x86_64-apple-darwin10.7.0/4.6.0;/usr/local/lib]


