Determining if the Q_WS_X11 exist failed with the following output:
Change Dir: /Users/alelos/Desktop/Connector/build/CMakeFiles/CMakeTmp

Run Build Command:/usr/bin/make "cmTryCompileExec/fast"
/usr/bin/make -f CMakeFiles/cmTryCompileExec.dir/build.make CMakeFiles/cmTryCompileExec.dir/build
"/Applications/CMake 2.8-4.app/Contents/bin/cmake" -E cmake_progress_report /Users/alelos/Desktop/Connector/build/CMakeFiles/CMakeTmp/CMakeFiles 1
Building C object CMakeFiles/cmTryCompileExec.dir/CheckSymbolExists.c.o
/usr/local/bin/gcc   -F/Library/Frameworks   -o CMakeFiles/cmTryCompileExec.dir/CheckSymbolExists.c.o   -c /Users/alelos/Desktop/Connector/build/CMakeFiles/CMakeTmp/CheckSymbolExists.c
In file included from /Users/alelos/Desktop/Connector/build/CMakeFiles/CMakeTmp/CheckSymbolExists.c:2:0:
/Library/Frameworks/QtCore.framework/Headers/qglobal.h:320:6: warning: #warning "This version of Mac OS X is unsupported" [-Wcpp]
/Users/alelos/Desktop/Connector/build/CMakeFiles/CMakeTmp/CheckSymbolExists.c: In function ‘main’:
/Users/alelos/Desktop/Connector/build/CMakeFiles/CMakeTmp/CheckSymbolExists.c:8:25: error: ‘Q_WS_X11’ undeclared (first use in this function)
/Users/alelos/Desktop/Connector/build/CMakeFiles/CMakeTmp/CheckSymbolExists.c:8:25: note: each undeclared identifier is reported only once for each function it appears in
make[1]: *** [CMakeFiles/cmTryCompileExec.dir/CheckSymbolExists.c.o] Error 1
make: *** [cmTryCompileExec/fast] Error 2

File /Users/alelos/Desktop/Connector/build/CMakeFiles/CMakeTmp/CheckSymbolExists.c:
/* */
#include <QtCore/qglobal.h>

void cmakeRequireSymbol(int dummy,...){(void)dummy;}
int main()
{
#ifndef Q_WS_X11
  cmakeRequireSymbol(0,&Q_WS_X11);
#endif
  return 0;
}

Determining if the Q_WS_WIN exist failed with the following output:
Change Dir: /Users/alelos/Desktop/Connector/build/CMakeFiles/CMakeTmp

Run Build Command:/usr/bin/make "cmTryCompileExec/fast"
/usr/bin/make -f CMakeFiles/cmTryCompileExec.dir/build.make CMakeFiles/cmTryCompileExec.dir/build
"/Applications/CMake 2.8-4.app/Contents/bin/cmake" -E cmake_progress_report /Users/alelos/Desktop/Connector/build/CMakeFiles/CMakeTmp/CMakeFiles 1
Building C object CMakeFiles/cmTryCompileExec.dir/CheckSymbolExists.c.o
/usr/local/bin/gcc   -F/Library/Frameworks   -o CMakeFiles/cmTryCompileExec.dir/CheckSymbolExists.c.o   -c /Users/alelos/Desktop/Connector/build/CMakeFiles/CMakeTmp/CheckSymbolExists.c
In file included from /Users/alelos/Desktop/Connector/build/CMakeFiles/CMakeTmp/CheckSymbolExists.c:2:0:
/Library/Frameworks/QtCore.framework/Headers/qglobal.h:320:6: warning: #warning "This version of Mac OS X is unsupported" [-Wcpp]
/Users/alelos/Desktop/Connector/build/CMakeFiles/CMakeTmp/CheckSymbolExists.c: In function ‘main’:
/Users/alelos/Desktop/Connector/build/CMakeFiles/CMakeTmp/CheckSymbolExists.c:8:25: error: ‘Q_WS_WIN’ undeclared (first use in this function)
/Users/alelos/Desktop/Connector/build/CMakeFiles/CMakeTmp/CheckSymbolExists.c:8:25: note: each undeclared identifier is reported only once for each function it appears in
make[1]: *** [CMakeFiles/cmTryCompileExec.dir/CheckSymbolExists.c.o] Error 1
make: *** [cmTryCompileExec/fast] Error 2

File /Users/alelos/Desktop/Connector/build/CMakeFiles/CMakeTmp/CheckSymbolExists.c:
/* */
#include <QtCore/qglobal.h>

void cmakeRequireSymbol(int dummy,...){(void)dummy;}
int main()
{
#ifndef Q_WS_WIN
  cmakeRequireSymbol(0,&Q_WS_WIN);
#endif
  return 0;
}

Determining if the Q_WS_QWS exist failed with the following output:
Change Dir: /Users/alelos/Desktop/Connector/build/CMakeFiles/CMakeTmp

Run Build Command:/usr/bin/make "cmTryCompileExec/fast"
/usr/bin/make -f CMakeFiles/cmTryCompileExec.dir/build.make CMakeFiles/cmTryCompileExec.dir/build
"/Applications/CMake 2.8-4.app/Contents/bin/cmake" -E cmake_progress_report /Users/alelos/Desktop/Connector/build/CMakeFiles/CMakeTmp/CMakeFiles 1
Building C object CMakeFiles/cmTryCompileExec.dir/CheckSymbolExists.c.o
/usr/local/bin/gcc   -F/Library/Frameworks   -o CMakeFiles/cmTryCompileExec.dir/CheckSymbolExists.c.o   -c /Users/alelos/Desktop/Connector/build/CMakeFiles/CMakeTmp/CheckSymbolExists.c
In file included from /Users/alelos/Desktop/Connector/build/CMakeFiles/CMakeTmp/CheckSymbolExists.c:2:0:
/Library/Frameworks/QtCore.framework/Headers/qglobal.h:320:6: warning: #warning "This version of Mac OS X is unsupported" [-Wcpp]
/Users/alelos/Desktop/Connector/build/CMakeFiles/CMakeTmp/CheckSymbolExists.c: In function ‘main’:
/Users/alelos/Desktop/Connector/build/CMakeFiles/CMakeTmp/CheckSymbolExists.c:8:25: error: ‘Q_WS_QWS’ undeclared (first use in this function)
/Users/alelos/Desktop/Connector/build/CMakeFiles/CMakeTmp/CheckSymbolExists.c:8:25: note: each undeclared identifier is reported only once for each function it appears in
make[1]: *** [CMakeFiles/cmTryCompileExec.dir/CheckSymbolExists.c.o] Error 1
make: *** [cmTryCompileExec/fast] Error 2

File /Users/alelos/Desktop/Connector/build/CMakeFiles/CMakeTmp/CheckSymbolExists.c:
/* */
#include <QtCore/qglobal.h>

void cmakeRequireSymbol(int dummy,...){(void)dummy;}
int main()
{
#ifndef Q_WS_QWS
  cmakeRequireSymbol(0,&Q_WS_QWS);
#endif
  return 0;
}

